Terminals unused in grammar

   _STAR
   NEG


Grammar

    0 $accept: Program $end

    1 Program: MainClass ClassDeclList

    2 MainClass: _CLASS _ID _FL_BRACKET _PUBLIC _STATIC _VOID _MAIN _RL_BRACKET _STRING _SL_BRACKET _SR_BRACKET _ID _RR_BRACKET _FL_BRACKET Stm _FR_BRACKET _FR_BRACKET

    3 ClassDecl: _CLASS _ID _FL_BRACKET error _FR_BRACKET
    4          | _CLASS _ID _FL_BRACKET VarDeclList MethodDeclList _FR_BRACKET
    5          | _CLASS _ID _EXTENDS _ID _FL_BRACKET VarDeclList MethodDeclList _FR_BRACKET

    6 ClassDeclList: ClassDecl ClassDeclList
    7              | /* empty */

    8 MethodDeclList: MethodDecl MethodDeclList
    9               | /* empty */

   10 VarDeclList: VarDeclList VarDecl
   11            | /* empty */

   12 VarDecl: Type _ID _SEMICOLUMN

   13 MethodDecl: _PUBLIC Type _ID _RL_BRACKET FormalList _RR_BRACKET _FL_BRACKET VarDeclList StmList _RETURN Exp _SEMICOLUMN _FR_BRACKET

   14 StmList: Stm StmList
   15        | /* empty */

   16 FormalList: Type _ID FormalRest
   17           | /* empty */

   18 FormalRest: __COMMA Type _ID FormalRest
   19           | /* empty */

   20 Type: _INT _SL_BRACKET _SR_BRACKET
   21     | _BOOLEAN
   22     | _INT
   23     | _ID

   24 Stm: _FL_BRACKET StmList _FR_BRACKET
   25    | _IF _RL_BRACKET Exp _RR_BRACKET Stm _ELSE Stm
   26    | _WHILE _RL_BRACKET Exp _RR_BRACKET Stm
   27    | _SYSTEMOP _RL_BRACKET Exp _RR_BRACKET _SEMICOLUMN
   28    | _SYSTEMOPWOLN _RL_BRACKET Exp _RR_BRACKET _SEMICOLUMN
   29    | _ID _ASSIGNMENT Exp _SEMICOLUMN
   30    | _ID _SL_BRACKET Exp _SR_BRACKET _ASSIGNMENT Exp _SEMICOLUMN

   31 Exp: Exp _OPPLUS Exp
   32    | Exp _OPMINUS Exp
   33    | Exp _OPMULT Exp
   34    | Exp _OPDIV Exp
   35    | Exp _OPLESS Exp
   36    | Exp _OPAND Exp
   37    | Exp _SL_BRACKET Exp _SR_BRACKET
   38    | Exp _POINT _LENGTH
   39    | Exp _POINT _ID _RL_BRACKET ExpList _RR_BRACKET
   40    | _NUM
   41    | _STR
   42    | _TRUE
   43    | _FALSE
   44    | _ID
   45    | _THIS
   46    | _NEW _INT _SL_BRACKET Exp _SR_BRACKET
   47    | _NEW _ID _RL_BRACKET _RR_BRACKET
   48    | _WOW Exp
   49    | _RL_BRACKET Exp _RR_BRACKET

   50 ExpList: Exp ExpRest
   51        | /* empty */

   52 ExpRest: __COMMA Exp ExpRest
   53        | /* empty */


Terminals, with rules where they appear

$end (0) 0
error (256) 3
_ID (258) 2 3 4 5 12 13 16 18 23 29 30 39 44 47
_NUM (259) 40
_STR (260) 41
_IF (261) 25
_ELSE (262) 25
_WHILE (263) 26
_SYSTEMOP (264) 27
_SYSTEMOPWOLN (265) 28
_CLASS (266) 2 3 4 5
_MAIN (267) 2
_PUBLIC (268) 2 13
_STATIC (269) 2
_RETURN (270) 13
_EXTENDS (271) 5
_INT (272) 20 22 46
_BOOLEAN (273) 21
_VOID (274) 2
_STRING (275) 2
_TRUE (276) 42
_FALSE (277) 43
_THIS (278) 45
_NEW (279) 46 47
_LENGTH (280) 38
_POINT (281) 38 39
_SEMICOLUMN (282) 12 13 27 28 29 30
_STAR (283)
_ASSIGNMENT (284) 29 30
_WOW (285) 48
__COMMA (286) 18 52
_RL_BRACKET (287) 2 13 25 26 27 28 39 47 49
_RR_BRACKET (288) 2 13 25 26 27 28 39 47 49
_SL_BRACKET (289) 2 20 30 37 46
_SR_BRACKET (290) 2 20 30 37 46
_FL_BRACKET (291) 2 3 4 5 13 24
_FR_BRACKET (292) 2 3 4 5 13 24
_OPPLUS (293) 31
_OPMINUS (294) 32
_OPMULT (295) 33
_OPDIV (296) 34
_OPAND (297) 36
_OPLESS (298) 35
NEG (299)


Nonterminals, with rules where they appear

$accept (45)
    on left: 0
Program (46)
    on left: 1, on right: 0
MainClass (47)
    on left: 2, on right: 1
ClassDecl (48)
    on left: 3 4 5, on right: 6
ClassDeclList (49)
    on left: 6 7, on right: 1 6
MethodDeclList (50)
    on left: 8 9, on right: 4 5 8
VarDeclList (51)
    on left: 10 11, on right: 4 5 10 13
VarDecl (52)
    on left: 12, on right: 10
MethodDecl (53)
    on left: 13, on right: 8
StmList (54)
    on left: 14 15, on right: 13 14 24
FormalList (55)
    on left: 16 17, on right: 13
FormalRest (56)
    on left: 18 19, on right: 16 18
Type (57)
    on left: 20 21 22 23, on right: 12 13 16 18
Stm (58)
    on left: 24 25 26 27 28 29 30, on right: 2 14 25 26
Exp (59)
    on left: 31 32 33 34 35 36 37 38 39 40 41 42 43 44 45 46 47 48
    49, on right: 13 25 26 27 28 29 30 31 32 33 34 35 36 37 38 39 46
    48 49 50 52
ExpList (60)
    on left: 50 51, on right: 39
ExpRest (61)
    on left: 52 53, on right: 50 52


State 0

    0 $accept: . Program $end

    _CLASS  shift, and go to state 1

    Program    go to state 2
    MainClass  go to state 3


State 1

    2 MainClass: _CLASS . _ID _FL_BRACKET _PUBLIC _STATIC _VOID _MAIN _RL_BRACKET _STRING _SL_BRACKET _SR_BRACKET _ID _RR_BRACKET _FL_BRACKET Stm _FR_BRACKET _FR_BRACKET

    _ID  shift, and go to state 4


State 2

    0 $accept: Program . $end

    $end  shift, and go to state 5


State 3

    1 Program: MainClass . ClassDeclList

    _CLASS  shift, and go to state 6

    $default  reduce using rule 7 (ClassDeclList)

    ClassDecl      go to state 7
    ClassDeclList  go to state 8


State 4

    2 MainClass: _CLASS _ID . _FL_BRACKET _PUBLIC _STATIC _VOID _MAIN _RL_BRACKET _STRING _SL_BRACKET _SR_BRACKET _ID _RR_BRACKET _FL_BRACKET Stm _FR_BRACKET _FR_BRACKET

    _FL_BRACKET  shift, and go to state 9


State 5

    0 $accept: Program $end .

    $default  accept


State 6

    3 ClassDecl: _CLASS . _ID _FL_BRACKET error _FR_BRACKET
    4          | _CLASS . _ID _FL_BRACKET VarDeclList MethodDeclList _FR_BRACKET
    5          | _CLASS . _ID _EXTENDS _ID _FL_BRACKET VarDeclList MethodDeclList _FR_BRACKET

    _ID  shift, and go to state 10


State 7

    6 ClassDeclList: ClassDecl . ClassDeclList

    _CLASS  shift, and go to state 6

    $default  reduce using rule 7 (ClassDeclList)

    ClassDecl      go to state 7
    ClassDeclList  go to state 11


State 8

    1 Program: MainClass ClassDeclList .

    $default  reduce using rule 1 (Program)


State 9

    2 MainClass: _CLASS _ID _FL_BRACKET . _PUBLIC _STATIC _VOID _MAIN _RL_BRACKET _STRING _SL_BRACKET _SR_BRACKET _ID _RR_BRACKET _FL_BRACKET Stm _FR_BRACKET _FR_BRACKET

    _PUBLIC  shift, and go to state 12


State 10

    3 ClassDecl: _CLASS _ID . _FL_BRACKET error _FR_BRACKET
    4          | _CLASS _ID . _FL_BRACKET VarDeclList MethodDeclList _FR_BRACKET
    5          | _CLASS _ID . _EXTENDS _ID _FL_BRACKET VarDeclList MethodDeclList _FR_BRACKET

    _EXTENDS     shift, and go to state 13
    _FL_BRACKET  shift, and go to state 14


State 11

    6 ClassDeclList: ClassDecl ClassDeclList .

    $default  reduce using rule 6 (ClassDeclList)


State 12

    2 MainClass: _CLASS _ID _FL_BRACKET _PUBLIC . _STATIC _VOID _MAIN _RL_BRACKET _STRING _SL_BRACKET _SR_BRACKET _ID _RR_BRACKET _FL_BRACKET Stm _FR_BRACKET _FR_BRACKET

    _STATIC  shift, and go to state 15


State 13

    5 ClassDecl: _CLASS _ID _EXTENDS . _ID _FL_BRACKET VarDeclList MethodDeclList _FR_BRACKET

    _ID  shift, and go to state 16


State 14

    3 ClassDecl: _CLASS _ID _FL_BRACKET . error _FR_BRACKET
    4          | _CLASS _ID _FL_BRACKET . VarDeclList MethodDeclList _FR_BRACKET

    error  shift, and go to state 17

    _ID          reduce using rule 11 (VarDeclList)
    _PUBLIC      reduce using rule 11 (VarDeclList)
    _INT         reduce using rule 11 (VarDeclList)
    _BOOLEAN     reduce using rule 11 (VarDeclList)
    _FR_BRACKET  reduce using rule 11 (VarDeclList)

    VarDeclList  go to state 18


State 15

    2 MainClass: _CLASS _ID _FL_BRACKET _PUBLIC _STATIC . _VOID _MAIN _RL_BRACKET _STRING _SL_BRACKET _SR_BRACKET _ID _RR_BRACKET _FL_BRACKET Stm _FR_BRACKET _FR_BRACKET

    _VOID  shift, and go to state 19


State 16

    5 ClassDecl: _CLASS _ID _EXTENDS _ID . _FL_BRACKET VarDeclList MethodDeclList _FR_BRACKET

    _FL_BRACKET  shift, and go to state 20


State 17

    3 ClassDecl: _CLASS _ID _FL_BRACKET error . _FR_BRACKET

    _FR_BRACKET  shift, and go to state 21


State 18

    4 ClassDecl: _CLASS _ID _FL_BRACKET VarDeclList . MethodDeclList _FR_BRACKET
   10 VarDeclList: VarDeclList . VarDecl

    _ID       shift, and go to state 22
    _PUBLIC   shift, and go to state 23
    _INT      shift, and go to state 24
    _BOOLEAN  shift, and go to state 25

    $default  reduce using rule 9 (MethodDeclList)

    MethodDeclList  go to state 26
    VarDecl         go to state 27
    MethodDecl      go to state 28
    Type            go to state 29


State 19

    2 MainClass: _CLASS _ID _FL_BRACKET _PUBLIC _STATIC _VOID . _MAIN _RL_BRACKET _STRING _SL_BRACKET _SR_BRACKET _ID _RR_BRACKET _FL_BRACKET Stm _FR_BRACKET _FR_BRACKET

    _MAIN  shift, and go to state 30


State 20

    5 ClassDecl: _CLASS _ID _EXTENDS _ID _FL_BRACKET . VarDeclList MethodDeclList _FR_BRACKET

    $default  reduce using rule 11 (VarDeclList)

    VarDeclList  go to state 31


State 21

    3 ClassDecl: _CLASS _ID _FL_BRACKET error _FR_BRACKET .

    $default  reduce using rule 3 (ClassDecl)


State 22

   23 Type: _ID .

    $default  reduce using rule 23 (Type)


State 23

   13 MethodDecl: _PUBLIC . Type _ID _RL_BRACKET FormalList _RR_BRACKET _FL_BRACKET VarDeclList StmList _RETURN Exp _SEMICOLUMN _FR_BRACKET

    _ID       shift, and go to state 22
    _INT      shift, and go to state 24
    _BOOLEAN  shift, and go to state 25

    Type  go to state 32


State 24

   20 Type: _INT . _SL_BRACKET _SR_BRACKET
   22     | _INT .

    _SL_BRACKET  shift, and go to state 33

    $default  reduce using rule 22 (Type)


State 25

   21 Type: _BOOLEAN .

    $default  reduce using rule 21 (Type)


State 26

    4 ClassDecl: _CLASS _ID _FL_BRACKET VarDeclList MethodDeclList . _FR_BRACKET

    _FR_BRACKET  shift, and go to state 34


State 27

   10 VarDeclList: VarDeclList VarDecl .

    $default  reduce using rule 10 (VarDeclList)


State 28

    8 MethodDeclList: MethodDecl . MethodDeclList

    _PUBLIC  shift, and go to state 23

    $default  reduce using rule 9 (MethodDeclList)

    MethodDeclList  go to state 35
    MethodDecl      go to state 28


State 29

   12 VarDecl: Type . _ID _SEMICOLUMN

    _ID  shift, and go to state 36


State 30

    2 MainClass: _CLASS _ID _FL_BRACKET _PUBLIC _STATIC _VOID _MAIN . _RL_BRACKET _STRING _SL_BRACKET _SR_BRACKET _ID _RR_BRACKET _FL_BRACKET Stm _FR_BRACKET _FR_BRACKET

    _RL_BRACKET  shift, and go to state 37


State 31

    5 ClassDecl: _CLASS _ID _EXTENDS _ID _FL_BRACKET VarDeclList . MethodDeclList _FR_BRACKET
   10 VarDeclList: VarDeclList . VarDecl

    _ID       shift, and go to state 22
    _PUBLIC   shift, and go to state 23
    _INT      shift, and go to state 24
    _BOOLEAN  shift, and go to state 25

    $default  reduce using rule 9 (MethodDeclList)

    MethodDeclList  go to state 38
    VarDecl         go to state 27
    MethodDecl      go to state 28
    Type            go to state 29


State 32

   13 MethodDecl: _PUBLIC Type . _ID _RL_BRACKET FormalList _RR_BRACKET _FL_BRACKET VarDeclList StmList _RETURN Exp _SEMICOLUMN _FR_BRACKET

    _ID  shift, and go to state 39


State 33

   20 Type: _INT _SL_BRACKET . _SR_BRACKET

    _SR_BRACKET  shift, and go to state 40


State 34

    4 ClassDecl: _CLASS _ID _FL_BRACKET VarDeclList MethodDeclList _FR_BRACKET .

    $default  reduce using rule 4 (ClassDecl)


State 35

    8 MethodDeclList: MethodDecl MethodDeclList .

    $default  reduce using rule 8 (MethodDeclList)


State 36

   12 VarDecl: Type _ID . _SEMICOLUMN

    _SEMICOLUMN  shift, and go to state 41


State 37

    2 MainClass: _CLASS _ID _FL_BRACKET _PUBLIC _STATIC _VOID _MAIN _RL_BRACKET . _STRING _SL_BRACKET _SR_BRACKET _ID _RR_BRACKET _FL_BRACKET Stm _FR_BRACKET _FR_BRACKET

    _STRING  shift, and go to state 42


State 38

    5 ClassDecl: _CLASS _ID _EXTENDS _ID _FL_BRACKET VarDeclList MethodDeclList . _FR_BRACKET

    _FR_BRACKET  shift, and go to state 43


State 39

   13 MethodDecl: _PUBLIC Type _ID . _RL_BRACKET FormalList _RR_BRACKET _FL_BRACKET VarDeclList StmList _RETURN Exp _SEMICOLUMN _FR_BRACKET

    _RL_BRACKET  shift, and go to state 44


State 40

   20 Type: _INT _SL_BRACKET _SR_BRACKET .

    $default  reduce using rule 20 (Type)


State 41

   12 VarDecl: Type _ID _SEMICOLUMN .

    $default  reduce using rule 12 (VarDecl)


State 42

    2 MainClass: _CLASS _ID _FL_BRACKET _PUBLIC _STATIC _VOID _MAIN _RL_BRACKET _STRING . _SL_BRACKET _SR_BRACKET _ID _RR_BRACKET _FL_BRACKET Stm _FR_BRACKET _FR_BRACKET

    _SL_BRACKET  shift, and go to state 45


State 43

    5 ClassDecl: _CLASS _ID _EXTENDS _ID _FL_BRACKET VarDeclList MethodDeclList _FR_BRACKET .

    $default  reduce using rule 5 (ClassDecl)


State 44

   13 MethodDecl: _PUBLIC Type _ID _RL_BRACKET . FormalList _RR_BRACKET _FL_BRACKET VarDeclList StmList _RETURN Exp _SEMICOLUMN _FR_BRACKET

    _ID       shift, and go to state 22
    _INT      shift, and go to state 24
    _BOOLEAN  shift, and go to state 25

    $default  reduce using rule 17 (FormalList)

    FormalList  go to state 46
    Type        go to state 47


State 45

    2 MainClass: _CLASS _ID _FL_BRACKET _PUBLIC _STATIC _VOID _MAIN _RL_BRACKET _STRING _SL_BRACKET . _SR_BRACKET _ID _RR_BRACKET _FL_BRACKET Stm _FR_BRACKET _FR_BRACKET

    _SR_BRACKET  shift, and go to state 48


State 46

   13 MethodDecl: _PUBLIC Type _ID _RL_BRACKET FormalList . _RR_BRACKET _FL_BRACKET VarDeclList StmList _RETURN Exp _SEMICOLUMN _FR_BRACKET

    _RR_BRACKET  shift, and go to state 49


State 47

   16 FormalList: Type . _ID FormalRest

    _ID  shift, and go to state 50


State 48

    2 MainClass: _CLASS _ID _FL_BRACKET _PUBLIC _STATIC _VOID _MAIN _RL_BRACKET _STRING _SL_BRACKET _SR_BRACKET . _ID _RR_BRACKET _FL_BRACKET Stm _FR_BRACKET _FR_BRACKET

    _ID  shift, and go to state 51


State 49

   13 MethodDecl: _PUBLIC Type _ID _RL_BRACKET FormalList _RR_BRACKET . _FL_BRACKET VarDeclList StmList _RETURN Exp _SEMICOLUMN _FR_BRACKET

    _FL_BRACKET  shift, and go to state 52


State 50

   16 FormalList: Type _ID . FormalRest

    __COMMA  shift, and go to state 53

    $default  reduce using rule 19 (FormalRest)

    FormalRest  go to state 54


State 51

    2 MainClass: _CLASS _ID _FL_BRACKET _PUBLIC _STATIC _VOID _MAIN _RL_BRACKET _STRING _SL_BRACKET _SR_BRACKET _ID . _RR_BRACKET _FL_BRACKET Stm _FR_BRACKET _FR_BRACKET

    _RR_BRACKET  shift, and go to state 55


State 52

   13 MethodDecl: _PUBLIC Type _ID _RL_BRACKET FormalList _RR_BRACKET _FL_BRACKET . VarDeclList StmList _RETURN Exp _SEMICOLUMN _FR_BRACKET

    $default  reduce using rule 11 (VarDeclList)

    VarDeclList  go to state 56


State 53

   18 FormalRest: __COMMA . Type _ID FormalRest

    _ID       shift, and go to state 22
    _INT      shift, and go to state 24
    _BOOLEAN  shift, and go to state 25

    Type  go to state 57


State 54

   16 FormalList: Type _ID FormalRest .

    $default  reduce using rule 16 (FormalList)


State 55

    2 MainClass: _CLASS _ID _FL_BRACKET _PUBLIC _STATIC _VOID _MAIN _RL_BRACKET _STRING _SL_BRACKET _SR_BRACKET _ID _RR_BRACKET . _FL_BRACKET Stm _FR_BRACKET _FR_BRACKET

    _FL_BRACKET  shift, and go to state 58


State 56

   10 VarDeclList: VarDeclList . VarDecl
   13 MethodDecl: _PUBLIC Type _ID _RL_BRACKET FormalList _RR_BRACKET _FL_BRACKET VarDeclList . StmList _RETURN Exp _SEMICOLUMN _FR_BRACKET

    _ID            shift, and go to state 59
    _IF            shift, and go to state 60
    _WHILE         shift, and go to state 61
    _SYSTEMOP      shift, and go to state 62
    _SYSTEMOPWOLN  shift, and go to state 63
    _INT           shift, and go to state 24
    _BOOLEAN       shift, and go to state 25
    _FL_BRACKET    shift, and go to state 64

    $default  reduce using rule 15 (StmList)

    VarDecl  go to state 27
    StmList  go to state 65
    Type     go to state 29
    Stm      go to state 66


State 57

   18 FormalRest: __COMMA Type . _ID FormalRest

    _ID  shift, and go to state 67


State 58

    2 MainClass: _CLASS _ID _FL_BRACKET _PUBLIC _STATIC _VOID _MAIN _RL_BRACKET _STRING _SL_BRACKET _SR_BRACKET _ID _RR_BRACKET _FL_BRACKET . Stm _FR_BRACKET _FR_BRACKET

    _ID            shift, and go to state 68
    _IF            shift, and go to state 60
    _WHILE         shift, and go to state 61
    _SYSTEMOP      shift, and go to state 62
    _SYSTEMOPWOLN  shift, and go to state 63
    _FL_BRACKET    shift, and go to state 64

    Stm  go to state 69


State 59

   23 Type: _ID .
   29 Stm: _ID . _ASSIGNMENT Exp _SEMICOLUMN
   30    | _ID . _SL_BRACKET Exp _SR_BRACKET _ASSIGNMENT Exp _SEMICOLUMN

    _ASSIGNMENT  shift, and go to state 70
    _SL_BRACKET  shift, and go to state 71

    $default  reduce using rule 23 (Type)


State 60

   25 Stm: _IF . _RL_BRACKET Exp _RR_BRACKET Stm _ELSE Stm

    _RL_BRACKET  shift, and go to state 72


State 61

   26 Stm: _WHILE . _RL_BRACKET Exp _RR_BRACKET Stm

    _RL_BRACKET  shift, and go to state 73


State 62

   27 Stm: _SYSTEMOP . _RL_BRACKET Exp _RR_BRACKET _SEMICOLUMN

    _RL_BRACKET  shift, and go to state 74


State 63

   28 Stm: _SYSTEMOPWOLN . _RL_BRACKET Exp _RR_BRACKET _SEMICOLUMN

    _RL_BRACKET  shift, and go to state 75


State 64

   24 Stm: _FL_BRACKET . StmList _FR_BRACKET

    _ID            shift, and go to state 68
    _IF            shift, and go to state 60
    _WHILE         shift, and go to state 61
    _SYSTEMOP      shift, and go to state 62
    _SYSTEMOPWOLN  shift, and go to state 63
    _FL_BRACKET    shift, and go to state 64

    $default  reduce using rule 15 (StmList)

    StmList  go to state 76
    Stm      go to state 66


State 65

   13 MethodDecl: _PUBLIC Type _ID _RL_BRACKET FormalList _RR_BRACKET _FL_BRACKET VarDeclList StmList . _RETURN Exp _SEMICOLUMN _FR_BRACKET

    _RETURN  shift, and go to state 77


State 66

   14 StmList: Stm . StmList

    _ID            shift, and go to state 68
    _IF            shift, and go to state 60
    _WHILE         shift, and go to state 61
    _SYSTEMOP      shift, and go to state 62
    _SYSTEMOPWOLN  shift, and go to state 63
    _FL_BRACKET    shift, and go to state 64

    $default  reduce using rule 15 (StmList)

    StmList  go to state 78
    Stm      go to state 66


State 67

   18 FormalRest: __COMMA Type _ID . FormalRest

    __COMMA  shift, and go to state 53

    $default  reduce using rule 19 (FormalRest)

    FormalRest  go to state 79


State 68

   29 Stm: _ID . _ASSIGNMENT Exp _SEMICOLUMN
   30    | _ID . _SL_BRACKET Exp _SR_BRACKET _ASSIGNMENT Exp _SEMICOLUMN

    _ASSIGNMENT  shift, and go to state 70
    _SL_BRACKET  shift, and go to state 71


State 69

    2 MainClass: _CLASS _ID _FL_BRACKET _PUBLIC _STATIC _VOID _MAIN _RL_BRACKET _STRING _SL_BRACKET _SR_BRACKET _ID _RR_BRACKET _FL_BRACKET Stm . _FR_BRACKET _FR_BRACKET

    _FR_BRACKET  shift, and go to state 80


State 70

   29 Stm: _ID _ASSIGNMENT . Exp _SEMICOLUMN

    _ID          shift, and go to state 81
    _NUM         shift, and go to state 82
    _STR         shift, and go to state 83
    _TRUE        shift, and go to state 84
    _FALSE       shift, and go to state 85
    _THIS        shift, and go to state 86
    _NEW         shift, and go to state 87
    _WOW         shift, and go to state 88
    _RL_BRACKET  shift, and go to state 89

    Exp  go to state 90


State 71

   30 Stm: _ID _SL_BRACKET . Exp _SR_BRACKET _ASSIGNMENT Exp _SEMICOLUMN

    _ID          shift, and go to state 81
    _NUM         shift, and go to state 82
    _STR         shift, and go to state 83
    _TRUE        shift, and go to state 84
    _FALSE       shift, and go to state 85
    _THIS        shift, and go to state 86
    _NEW         shift, and go to state 87
    _WOW         shift, and go to state 88
    _RL_BRACKET  shift, and go to state 89

    Exp  go to state 91


State 72

   25 Stm: _IF _RL_BRACKET . Exp _RR_BRACKET Stm _ELSE Stm

    _ID          shift, and go to state 81
    _NUM         shift, and go to state 82
    _STR         shift, and go to state 83
    _TRUE        shift, and go to state 84
    _FALSE       shift, and go to state 85
    _THIS        shift, and go to state 86
    _NEW         shift, and go to state 87
    _WOW         shift, and go to state 88
    _RL_BRACKET  shift, and go to state 89

    Exp  go to state 92


State 73

   26 Stm: _WHILE _RL_BRACKET . Exp _RR_BRACKET Stm

    _ID          shift, and go to state 81
    _NUM         shift, and go to state 82
    _STR         shift, and go to state 83
    _TRUE        shift, and go to state 84
    _FALSE       shift, and go to state 85
    _THIS        shift, and go to state 86
    _NEW         shift, and go to state 87
    _WOW         shift, and go to state 88
    _RL_BRACKET  shift, and go to state 89

    Exp  go to state 93


State 74

   27 Stm: _SYSTEMOP _RL_BRACKET . Exp _RR_BRACKET _SEMICOLUMN

    _ID          shift, and go to state 81
    _NUM         shift, and go to state 82
    _STR         shift, and go to state 83
    _TRUE        shift, and go to state 84
    _FALSE       shift, and go to state 85
    _THIS        shift, and go to state 86
    _NEW         shift, and go to state 87
    _WOW         shift, and go to state 88
    _RL_BRACKET  shift, and go to state 89

    Exp  go to state 94


State 75

   28 Stm: _SYSTEMOPWOLN _RL_BRACKET . Exp _RR_BRACKET _SEMICOLUMN

    _ID          shift, and go to state 81
    _NUM         shift, and go to state 82
    _STR         shift, and go to state 83
    _TRUE        shift, and go to state 84
    _FALSE       shift, and go to state 85
    _THIS        shift, and go to state 86
    _NEW         shift, and go to state 87
    _WOW         shift, and go to state 88
    _RL_BRACKET  shift, and go to state 89

    Exp  go to state 95


State 76

   24 Stm: _FL_BRACKET StmList . _FR_BRACKET

    _FR_BRACKET  shift, and go to state 96


State 77

   13 MethodDecl: _PUBLIC Type _ID _RL_BRACKET FormalList _RR_BRACKET _FL_BRACKET VarDeclList StmList _RETURN . Exp _SEMICOLUMN _FR_BRACKET

    _ID          shift, and go to state 81
    _NUM         shift, and go to state 82
    _STR         shift, and go to state 83
    _TRUE        shift, and go to state 84
    _FALSE       shift, and go to state 85
    _THIS        shift, and go to state 86
    _NEW         shift, and go to state 87
    _WOW         shift, and go to state 88
    _RL_BRACKET  shift, and go to state 89

    Exp  go to state 97


State 78

   14 StmList: Stm StmList .

    $default  reduce using rule 14 (StmList)


State 79

   18 FormalRest: __COMMA Type _ID FormalRest .

    $default  reduce using rule 18 (FormalRest)


State 80

    2 MainClass: _CLASS _ID _FL_BRACKET _PUBLIC _STATIC _VOID _MAIN _RL_BRACKET _STRING _SL_BRACKET _SR_BRACKET _ID _RR_BRACKET _FL_BRACKET Stm _FR_BRACKET . _FR_BRACKET

    _FR_BRACKET  shift, and go to state 98


State 81

   44 Exp: _ID .

    $default  reduce using rule 44 (Exp)


State 82

   40 Exp: _NUM .

    $default  reduce using rule 40 (Exp)


State 83

   41 Exp: _STR .

    $default  reduce using rule 41 (Exp)


State 84

   42 Exp: _TRUE .

    $default  reduce using rule 42 (Exp)


State 85

   43 Exp: _FALSE .

    $default  reduce using rule 43 (Exp)


State 86

   45 Exp: _THIS .

    $default  reduce using rule 45 (Exp)


State 87

   46 Exp: _NEW . _INT _SL_BRACKET Exp _SR_BRACKET
   47    | _NEW . _ID _RL_BRACKET _RR_BRACKET

    _ID   shift, and go to state 99
    _INT  shift, and go to state 100


State 88

   48 Exp: _WOW . Exp

    _ID          shift, and go to state 81
    _NUM         shift, and go to state 82
    _STR         shift, and go to state 83
    _TRUE        shift, and go to state 84
    _FALSE       shift, and go to state 85
    _THIS        shift, and go to state 86
    _NEW         shift, and go to state 87
    _WOW         shift, and go to state 88
    _RL_BRACKET  shift, and go to state 89

    Exp  go to state 101


State 89

   49 Exp: _RL_BRACKET . Exp _RR_BRACKET

    _ID          shift, and go to state 81
    _NUM         shift, and go to state 82
    _STR         shift, and go to state 83
    _TRUE        shift, and go to state 84
    _FALSE       shift, and go to state 85
    _THIS        shift, and go to state 86
    _NEW         shift, and go to state 87
    _WOW         shift, and go to state 88
    _RL_BRACKET  shift, and go to state 89

    Exp  go to state 102


State 90

   29 Stm: _ID _ASSIGNMENT Exp . _SEMICOLUMN
   31 Exp: Exp . _OPPLUS Exp
   32    | Exp . _OPMINUS Exp
   33    | Exp . _OPMULT Exp
   34    | Exp . _OPDIV Exp
   35    | Exp . _OPLESS Exp
   36    | Exp . _OPAND Exp
   37    | Exp . _SL_BRACKET Exp _SR_BRACKET
   38    | Exp . _POINT _LENGTH
   39    | Exp . _POINT _ID _RL_BRACKET ExpList _RR_BRACKET

    _POINT       shift, and go to state 103
    _SEMICOLUMN  shift, and go to state 104
    _SL_BRACKET  shift, and go to state 105
    _OPPLUS      shift, and go to state 106
    _OPMINUS     shift, and go to state 107
    _OPMULT      shift, and go to state 108
    _OPDIV       shift, and go to state 109
    _OPAND       shift, and go to state 110
    _OPLESS      shift, and go to state 111


State 91

   30 Stm: _ID _SL_BRACKET Exp . _SR_BRACKET _ASSIGNMENT Exp _SEMICOLUMN
   31 Exp: Exp . _OPPLUS Exp
   32    | Exp . _OPMINUS Exp
   33    | Exp . _OPMULT Exp
   34    | Exp . _OPDIV Exp
   35    | Exp . _OPLESS Exp
   36    | Exp . _OPAND Exp
   37    | Exp . _SL_BRACKET Exp _SR_BRACKET
   38    | Exp . _POINT _LENGTH
   39    | Exp . _POINT _ID _RL_BRACKET ExpList _RR_BRACKET

    _POINT       shift, and go to state 103
    _SL_BRACKET  shift, and go to state 105
    _SR_BRACKET  shift, and go to state 112
    _OPPLUS      shift, and go to state 106
    _OPMINUS     shift, and go to state 107
    _OPMULT      shift, and go to state 108
    _OPDIV       shift, and go to state 109
    _OPAND       shift, and go to state 110
    _OPLESS      shift, and go to state 111


State 92

   25 Stm: _IF _RL_BRACKET Exp . _RR_BRACKET Stm _ELSE Stm
   31 Exp: Exp . _OPPLUS Exp
   32    | Exp . _OPMINUS Exp
   33    | Exp . _OPMULT Exp
   34    | Exp . _OPDIV Exp
   35    | Exp . _OPLESS Exp
   36    | Exp . _OPAND Exp
   37    | Exp . _SL_BRACKET Exp _SR_BRACKET
   38    | Exp . _POINT _LENGTH
   39    | Exp . _POINT _ID _RL_BRACKET ExpList _RR_BRACKET

    _POINT       shift, and go to state 103
    _RR_BRACKET  shift, and go to state 113
    _SL_BRACKET  shift, and go to state 105
    _OPPLUS      shift, and go to state 106
    _OPMINUS     shift, and go to state 107
    _OPMULT      shift, and go to state 108
    _OPDIV       shift, and go to state 109
    _OPAND       shift, and go to state 110
    _OPLESS      shift, and go to state 111


State 93

   26 Stm: _WHILE _RL_BRACKET Exp . _RR_BRACKET Stm
   31 Exp: Exp . _OPPLUS Exp
   32    | Exp . _OPMINUS Exp
   33    | Exp . _OPMULT Exp
   34    | Exp . _OPDIV Exp
   35    | Exp . _OPLESS Exp
   36    | Exp . _OPAND Exp
   37    | Exp . _SL_BRACKET Exp _SR_BRACKET
   38    | Exp . _POINT _LENGTH
   39    | Exp . _POINT _ID _RL_BRACKET ExpList _RR_BRACKET

    _POINT       shift, and go to state 103
    _RR_BRACKET  shift, and go to state 114
    _SL_BRACKET  shift, and go to state 105
    _OPPLUS      shift, and go to state 106
    _OPMINUS     shift, and go to state 107
    _OPMULT      shift, and go to state 108
    _OPDIV       shift, and go to state 109
    _OPAND       shift, and go to state 110
    _OPLESS      shift, and go to state 111


State 94

   27 Stm: _SYSTEMOP _RL_BRACKET Exp . _RR_BRACKET _SEMICOLUMN
   31 Exp: Exp . _OPPLUS Exp
   32    | Exp . _OPMINUS Exp
   33    | Exp . _OPMULT Exp
   34    | Exp . _OPDIV Exp
   35    | Exp . _OPLESS Exp
   36    | Exp . _OPAND Exp
   37    | Exp . _SL_BRACKET Exp _SR_BRACKET
   38    | Exp . _POINT _LENGTH
   39    | Exp . _POINT _ID _RL_BRACKET ExpList _RR_BRACKET

    _POINT       shift, and go to state 103
    _RR_BRACKET  shift, and go to state 115
    _SL_BRACKET  shift, and go to state 105
    _OPPLUS      shift, and go to state 106
    _OPMINUS     shift, and go to state 107
    _OPMULT      shift, and go to state 108
    _OPDIV       shift, and go to state 109
    _OPAND       shift, and go to state 110
    _OPLESS      shift, and go to state 111


State 95

   28 Stm: _SYSTEMOPWOLN _RL_BRACKET Exp . _RR_BRACKET _SEMICOLUMN
   31 Exp: Exp . _OPPLUS Exp
   32    | Exp . _OPMINUS Exp
   33    | Exp . _OPMULT Exp
   34    | Exp . _OPDIV Exp
   35    | Exp . _OPLESS Exp
   36    | Exp . _OPAND Exp
   37    | Exp . _SL_BRACKET Exp _SR_BRACKET
   38    | Exp . _POINT _LENGTH
   39    | Exp . _POINT _ID _RL_BRACKET ExpList _RR_BRACKET

    _POINT       shift, and go to state 103
    _RR_BRACKET  shift, and go to state 116
    _SL_BRACKET  shift, and go to state 105
    _OPPLUS      shift, and go to state 106
    _OPMINUS     shift, and go to state 107
    _OPMULT      shift, and go to state 108
    _OPDIV       shift, and go to state 109
    _OPAND       shift, and go to state 110
    _OPLESS      shift, and go to state 111


State 96

   24 Stm: _FL_BRACKET StmList _FR_BRACKET .

    $default  reduce using rule 24 (Stm)


State 97

   13 MethodDecl: _PUBLIC Type _ID _RL_BRACKET FormalList _RR_BRACKET _FL_BRACKET VarDeclList StmList _RETURN Exp . _SEMICOLUMN _FR_BRACKET
   31 Exp: Exp . _OPPLUS Exp
   32    | Exp . _OPMINUS Exp
   33    | Exp . _OPMULT Exp
   34    | Exp . _OPDIV Exp
   35    | Exp . _OPLESS Exp
   36    | Exp . _OPAND Exp
   37    | Exp . _SL_BRACKET Exp _SR_BRACKET
   38    | Exp . _POINT _LENGTH
   39    | Exp . _POINT _ID _RL_BRACKET ExpList _RR_BRACKET

    _POINT       shift, and go to state 103
    _SEMICOLUMN  shift, and go to state 117
    _SL_BRACKET  shift, and go to state 105
    _OPPLUS      shift, and go to state 106
    _OPMINUS     shift, and go to state 107
    _OPMULT      shift, and go to state 108
    _OPDIV       shift, and go to state 109
    _OPAND       shift, and go to state 110
    _OPLESS      shift, and go to state 111


State 98

    2 MainClass: _CLASS _ID _FL_BRACKET _PUBLIC _STATIC _VOID _MAIN _RL_BRACKET _STRING _SL_BRACKET _SR_BRACKET _ID _RR_BRACKET _FL_BRACKET Stm _FR_BRACKET _FR_BRACKET .

    $default  reduce using rule 2 (MainClass)


State 99

   47 Exp: _NEW _ID . _RL_BRACKET _RR_BRACKET

    _RL_BRACKET  shift, and go to state 118


State 100

   46 Exp: _NEW _INT . _SL_BRACKET Exp _SR_BRACKET

    _SL_BRACKET  shift, and go to state 119


State 101

   31 Exp: Exp . _OPPLUS Exp
   32    | Exp . _OPMINUS Exp
   33    | Exp . _OPMULT Exp
   34    | Exp . _OPDIV Exp
   35    | Exp . _OPLESS Exp
   36    | Exp . _OPAND Exp
   37    | Exp . _SL_BRACKET Exp _SR_BRACKET
   38    | Exp . _POINT _LENGTH
   39    | Exp . _POINT _ID _RL_BRACKET ExpList _RR_BRACKET
   48    | _WOW Exp .

    _POINT       shift, and go to state 103
    _SL_BRACKET  shift, and go to state 105

    $default  reduce using rule 48 (Exp)


State 102

   31 Exp: Exp . _OPPLUS Exp
   32    | Exp . _OPMINUS Exp
   33    | Exp . _OPMULT Exp
   34    | Exp . _OPDIV Exp
   35    | Exp . _OPLESS Exp
   36    | Exp . _OPAND Exp
   37    | Exp . _SL_BRACKET Exp _SR_BRACKET
   38    | Exp . _POINT _LENGTH
   39    | Exp . _POINT _ID _RL_BRACKET ExpList _RR_BRACKET
   49    | _RL_BRACKET Exp . _RR_BRACKET

    _POINT       shift, and go to state 103
    _RR_BRACKET  shift, and go to state 120
    _SL_BRACKET  shift, and go to state 105
    _OPPLUS      shift, and go to state 106
    _OPMINUS     shift, and go to state 107
    _OPMULT      shift, and go to state 108
    _OPDIV       shift, and go to state 109
    _OPAND       shift, and go to state 110
    _OPLESS      shift, and go to state 111


State 103

   38 Exp: Exp _POINT . _LENGTH
   39    | Exp _POINT . _ID _RL_BRACKET ExpList _RR_BRACKET

    _ID      shift, and go to state 121
    _LENGTH  shift, and go to state 122


State 104

   29 Stm: _ID _ASSIGNMENT Exp _SEMICOLUMN .

    $default  reduce using rule 29 (Stm)


State 105

   37 Exp: Exp _SL_BRACKET . Exp _SR_BRACKET

    _ID          shift, and go to state 81
    _NUM         shift, and go to state 82
    _STR         shift, and go to state 83
    _TRUE        shift, and go to state 84
    _FALSE       shift, and go to state 85
    _THIS        shift, and go to state 86
    _NEW         shift, and go to state 87
    _WOW         shift, and go to state 88
    _RL_BRACKET  shift, and go to state 89

    Exp  go to state 123


State 106

   31 Exp: Exp _OPPLUS . Exp

    _ID          shift, and go to state 81
    _NUM         shift, and go to state 82
    _STR         shift, and go to state 83
    _TRUE        shift, and go to state 84
    _FALSE       shift, and go to state 85
    _THIS        shift, and go to state 86
    _NEW         shift, and go to state 87
    _WOW         shift, and go to state 88
    _RL_BRACKET  shift, and go to state 89

    Exp  go to state 124


State 107

   32 Exp: Exp _OPMINUS . Exp

    _ID          shift, and go to state 81
    _NUM         shift, and go to state 82
    _STR         shift, and go to state 83
    _TRUE        shift, and go to state 84
    _FALSE       shift, and go to state 85
    _THIS        shift, and go to state 86
    _NEW         shift, and go to state 87
    _WOW         shift, and go to state 88
    _RL_BRACKET  shift, and go to state 89

    Exp  go to state 125


State 108

   33 Exp: Exp _OPMULT . Exp

    _ID          shift, and go to state 81
    _NUM         shift, and go to state 82
    _STR         shift, and go to state 83
    _TRUE        shift, and go to state 84
    _FALSE       shift, and go to state 85
    _THIS        shift, and go to state 86
    _NEW         shift, and go to state 87
    _WOW         shift, and go to state 88
    _RL_BRACKET  shift, and go to state 89

    Exp  go to state 126


State 109

   34 Exp: Exp _OPDIV . Exp

    _ID          shift, and go to state 81
    _NUM         shift, and go to state 82
    _STR         shift, and go to state 83
    _TRUE        shift, and go to state 84
    _FALSE       shift, and go to state 85
    _THIS        shift, and go to state 86
    _NEW         shift, and go to state 87
    _WOW         shift, and go to state 88
    _RL_BRACKET  shift, and go to state 89

    Exp  go to state 127


State 110

   36 Exp: Exp _OPAND . Exp

    _ID          shift, and go to state 81
    _NUM         shift, and go to state 82
    _STR         shift, and go to state 83
    _TRUE        shift, and go to state 84
    _FALSE       shift, and go to state 85
    _THIS        shift, and go to state 86
    _NEW         shift, and go to state 87
    _WOW         shift, and go to state 88
    _RL_BRACKET  shift, and go to state 89

    Exp  go to state 128


State 111

   35 Exp: Exp _OPLESS . Exp

    _ID          shift, and go to state 81
    _NUM         shift, and go to state 82
    _STR         shift, and go to state 83
    _TRUE        shift, and go to state 84
    _FALSE       shift, and go to state 85
    _THIS        shift, and go to state 86
    _NEW         shift, and go to state 87
    _WOW         shift, and go to state 88
    _RL_BRACKET  shift, and go to state 89

    Exp  go to state 129


State 112

   30 Stm: _ID _SL_BRACKET Exp _SR_BRACKET . _ASSIGNMENT Exp _SEMICOLUMN

    _ASSIGNMENT  shift, and go to state 130


State 113

   25 Stm: _IF _RL_BRACKET Exp _RR_BRACKET . Stm _ELSE Stm

    _ID            shift, and go to state 68
    _IF            shift, and go to state 60
    _WHILE         shift, and go to state 61
    _SYSTEMOP      shift, and go to state 62
    _SYSTEMOPWOLN  shift, and go to state 63
    _FL_BRACKET    shift, and go to state 64

    Stm  go to state 131


State 114

   26 Stm: _WHILE _RL_BRACKET Exp _RR_BRACKET . Stm

    _ID            shift, and go to state 68
    _IF            shift, and go to state 60
    _WHILE         shift, and go to state 61
    _SYSTEMOP      shift, and go to state 62
    _SYSTEMOPWOLN  shift, and go to state 63
    _FL_BRACKET    shift, and go to state 64

    Stm  go to state 132


State 115

   27 Stm: _SYSTEMOP _RL_BRACKET Exp _RR_BRACKET . _SEMICOLUMN

    _SEMICOLUMN  shift, and go to state 133


State 116

   28 Stm: _SYSTEMOPWOLN _RL_BRACKET Exp _RR_BRACKET . _SEMICOLUMN

    _SEMICOLUMN  shift, and go to state 134


State 117

   13 MethodDecl: _PUBLIC Type _ID _RL_BRACKET FormalList _RR_BRACKET _FL_BRACKET VarDeclList StmList _RETURN Exp _SEMICOLUMN . _FR_BRACKET

    _FR_BRACKET  shift, and go to state 135


State 118

   47 Exp: _NEW _ID _RL_BRACKET . _RR_BRACKET

    _RR_BRACKET  shift, and go to state 136


State 119

   46 Exp: _NEW _INT _SL_BRACKET . Exp _SR_BRACKET

    _ID          shift, and go to state 81
    _NUM         shift, and go to state 82
    _STR         shift, and go to state 83
    _TRUE        shift, and go to state 84
    _FALSE       shift, and go to state 85
    _THIS        shift, and go to state 86
    _NEW         shift, and go to state 87
    _WOW         shift, and go to state 88
    _RL_BRACKET  shift, and go to state 89

    Exp  go to state 137


State 120

   49 Exp: _RL_BRACKET Exp _RR_BRACKET .

    $default  reduce using rule 49 (Exp)


State 121

   39 Exp: Exp _POINT _ID . _RL_BRACKET ExpList _RR_BRACKET

    _RL_BRACKET  shift, and go to state 138


State 122

   38 Exp: Exp _POINT _LENGTH .

    $default  reduce using rule 38 (Exp)


State 123

   31 Exp: Exp . _OPPLUS Exp
   32    | Exp . _OPMINUS Exp
   33    | Exp . _OPMULT Exp
   34    | Exp . _OPDIV Exp
   35    | Exp . _OPLESS Exp
   36    | Exp . _OPAND Exp
   37    | Exp . _SL_BRACKET Exp _SR_BRACKET
   37    | Exp _SL_BRACKET Exp . _SR_BRACKET
   38    | Exp . _POINT _LENGTH
   39    | Exp . _POINT _ID _RL_BRACKET ExpList _RR_BRACKET

    _POINT       shift, and go to state 103
    _SL_BRACKET  shift, and go to state 105
    _SR_BRACKET  shift, and go to state 139
    _OPPLUS      shift, and go to state 106
    _OPMINUS     shift, and go to state 107
    _OPMULT      shift, and go to state 108
    _OPDIV       shift, and go to state 109
    _OPAND       shift, and go to state 110
    _OPLESS      shift, and go to state 111


State 124

   31 Exp: Exp . _OPPLUS Exp
   31    | Exp _OPPLUS Exp .
   32    | Exp . _OPMINUS Exp
   33    | Exp . _OPMULT Exp
   34    | Exp . _OPDIV Exp
   35    | Exp . _OPLESS Exp
   36    | Exp . _OPAND Exp
   37    | Exp . _SL_BRACKET Exp _SR_BRACKET
   38    | Exp . _POINT _LENGTH
   39    | Exp . _POINT _ID _RL_BRACKET ExpList _RR_BRACKET

    _POINT       shift, and go to state 103
    _SL_BRACKET  shift, and go to state 105
    _OPMULT      shift, and go to state 108
    _OPDIV       shift, and go to state 109
    _OPAND       shift, and go to state 110
    _OPLESS      shift, and go to state 111

    $default  reduce using rule 31 (Exp)


State 125

   31 Exp: Exp . _OPPLUS Exp
   32    | Exp . _OPMINUS Exp
   32    | Exp _OPMINUS Exp .
   33    | Exp . _OPMULT Exp
   34    | Exp . _OPDIV Exp
   35    | Exp . _OPLESS Exp
   36    | Exp . _OPAND Exp
   37    | Exp . _SL_BRACKET Exp _SR_BRACKET
   38    | Exp . _POINT _LENGTH
   39    | Exp . _POINT _ID _RL_BRACKET ExpList _RR_BRACKET

    _POINT       shift, and go to state 103
    _SL_BRACKET  shift, and go to state 105
    _OPMULT      shift, and go to state 108
    _OPDIV       shift, and go to state 109
    _OPAND       shift, and go to state 110
    _OPLESS      shift, and go to state 111

    $default  reduce using rule 32 (Exp)


State 126

   31 Exp: Exp . _OPPLUS Exp
   32    | Exp . _OPMINUS Exp
   33    | Exp . _OPMULT Exp
   33    | Exp _OPMULT Exp .
   34    | Exp . _OPDIV Exp
   35    | Exp . _OPLESS Exp
   36    | Exp . _OPAND Exp
   37    | Exp . _SL_BRACKET Exp _SR_BRACKET
   38    | Exp . _POINT _LENGTH
   39    | Exp . _POINT _ID _RL_BRACKET ExpList _RR_BRACKET

    _POINT       shift, and go to state 103
    _SL_BRACKET  shift, and go to state 105
    _OPAND       shift, and go to state 110
    _OPLESS      shift, and go to state 111

    $default  reduce using rule 33 (Exp)


State 127

   31 Exp: Exp . _OPPLUS Exp
   32    | Exp . _OPMINUS Exp
   33    | Exp . _OPMULT Exp
   34    | Exp . _OPDIV Exp
   34    | Exp _OPDIV Exp .
   35    | Exp . _OPLESS Exp
   36    | Exp . _OPAND Exp
   37    | Exp . _SL_BRACKET Exp _SR_BRACKET
   38    | Exp . _POINT _LENGTH
   39    | Exp . _POINT _ID _RL_BRACKET ExpList _RR_BRACKET

    _POINT       shift, and go to state 103
    _SL_BRACKET  shift, and go to state 105
    _OPAND       shift, and go to state 110
    _OPLESS      shift, and go to state 111

    $default  reduce using rule 34 (Exp)


State 128

   31 Exp: Exp . _OPPLUS Exp
   32    | Exp . _OPMINUS Exp
   33    | Exp . _OPMULT Exp
   34    | Exp . _OPDIV Exp
   35    | Exp . _OPLESS Exp
   36    | Exp . _OPAND Exp
   36    | Exp _OPAND Exp .
   37    | Exp . _SL_BRACKET Exp _SR_BRACKET
   38    | Exp . _POINT _LENGTH
   39    | Exp . _POINT _ID _RL_BRACKET ExpList _RR_BRACKET

    _POINT       shift, and go to state 103
    _SL_BRACKET  shift, and go to state 105
    _OPLESS      shift, and go to state 111

    $default  reduce using rule 36 (Exp)


State 129

   31 Exp: Exp . _OPPLUS Exp
   32    | Exp . _OPMINUS Exp
   33    | Exp . _OPMULT Exp
   34    | Exp . _OPDIV Exp
   35    | Exp . _OPLESS Exp
   35    | Exp _OPLESS Exp .
   36    | Exp . _OPAND Exp
   37    | Exp . _SL_BRACKET Exp _SR_BRACKET
   38    | Exp . _POINT _LENGTH
   39    | Exp . _POINT _ID _RL_BRACKET ExpList _RR_BRACKET

    _POINT       shift, and go to state 103
    _SL_BRACKET  shift, and go to state 105

    $default  reduce using rule 35 (Exp)


State 130

   30 Stm: _ID _SL_BRACKET Exp _SR_BRACKET _ASSIGNMENT . Exp _SEMICOLUMN

    _ID          shift, and go to state 81
    _NUM         shift, and go to state 82
    _STR         shift, and go to state 83
    _TRUE        shift, and go to state 84
    _FALSE       shift, and go to state 85
    _THIS        shift, and go to state 86
    _NEW         shift, and go to state 87
    _WOW         shift, and go to state 88
    _RL_BRACKET  shift, and go to state 89

    Exp  go to state 140


State 131

   25 Stm: _IF _RL_BRACKET Exp _RR_BRACKET Stm . _ELSE Stm

    _ELSE  shift, and go to state 141


State 132

   26 Stm: _WHILE _RL_BRACKET Exp _RR_BRACKET Stm .

    $default  reduce using rule 26 (Stm)


State 133

   27 Stm: _SYSTEMOP _RL_BRACKET Exp _RR_BRACKET _SEMICOLUMN .

    $default  reduce using rule 27 (Stm)


State 134

   28 Stm: _SYSTEMOPWOLN _RL_BRACKET Exp _RR_BRACKET _SEMICOLUMN .

    $default  reduce using rule 28 (Stm)


State 135

   13 MethodDecl: _PUBLIC Type _ID _RL_BRACKET FormalList _RR_BRACKET _FL_BRACKET VarDeclList StmList _RETURN Exp _SEMICOLUMN _FR_BRACKET .

    $default  reduce using rule 13 (MethodDecl)


State 136

   47 Exp: _NEW _ID _RL_BRACKET _RR_BRACKET .

    $default  reduce using rule 47 (Exp)


State 137

   31 Exp: Exp . _OPPLUS Exp
   32    | Exp . _OPMINUS Exp
   33    | Exp . _OPMULT Exp
   34    | Exp . _OPDIV Exp
   35    | Exp . _OPLESS Exp
   36    | Exp . _OPAND Exp
   37    | Exp . _SL_BRACKET Exp _SR_BRACKET
   38    | Exp . _POINT _LENGTH
   39    | Exp . _POINT _ID _RL_BRACKET ExpList _RR_BRACKET
   46    | _NEW _INT _SL_BRACKET Exp . _SR_BRACKET

    _POINT       shift, and go to state 103
    _SL_BRACKET  shift, and go to state 105
    _SR_BRACKET  shift, and go to state 142
    _OPPLUS      shift, and go to state 106
    _OPMINUS     shift, and go to state 107
    _OPMULT      shift, and go to state 108
    _OPDIV       shift, and go to state 109
    _OPAND       shift, and go to state 110
    _OPLESS      shift, and go to state 111


State 138

   39 Exp: Exp _POINT _ID _RL_BRACKET . ExpList _RR_BRACKET

    _ID          shift, and go to state 81
    _NUM         shift, and go to state 82
    _STR         shift, and go to state 83
    _TRUE        shift, and go to state 84
    _FALSE       shift, and go to state 85
    _THIS        shift, and go to state 86
    _NEW         shift, and go to state 87
    _WOW         shift, and go to state 88
    _RL_BRACKET  shift, and go to state 89

    $default  reduce using rule 51 (ExpList)

    Exp      go to state 143
    ExpList  go to state 144


State 139

   37 Exp: Exp _SL_BRACKET Exp _SR_BRACKET .

    $default  reduce using rule 37 (Exp)


State 140

   30 Stm: _ID _SL_BRACKET Exp _SR_BRACKET _ASSIGNMENT Exp . _SEMICOLUMN
   31 Exp: Exp . _OPPLUS Exp
   32    | Exp . _OPMINUS Exp
   33    | Exp . _OPMULT Exp
   34    | Exp . _OPDIV Exp
   35    | Exp . _OPLESS Exp
   36    | Exp . _OPAND Exp
   37    | Exp . _SL_BRACKET Exp _SR_BRACKET
   38    | Exp . _POINT _LENGTH
   39    | Exp . _POINT _ID _RL_BRACKET ExpList _RR_BRACKET

    _POINT       shift, and go to state 103
    _SEMICOLUMN  shift, and go to state 145
    _SL_BRACKET  shift, and go to state 105
    _OPPLUS      shift, and go to state 106
    _OPMINUS     shift, and go to state 107
    _OPMULT      shift, and go to state 108
    _OPDIV       shift, and go to state 109
    _OPAND       shift, and go to state 110
    _OPLESS      shift, and go to state 111


State 141

   25 Stm: _IF _RL_BRACKET Exp _RR_BRACKET Stm _ELSE . Stm

    _ID            shift, and go to state 68
    _IF            shift, and go to state 60
    _WHILE         shift, and go to state 61
    _SYSTEMOP      shift, and go to state 62
    _SYSTEMOPWOLN  shift, and go to state 63
    _FL_BRACKET    shift, and go to state 64

    Stm  go to state 146


State 142

   46 Exp: _NEW _INT _SL_BRACKET Exp _SR_BRACKET .

    $default  reduce using rule 46 (Exp)


State 143

   31 Exp: Exp . _OPPLUS Exp
   32    | Exp . _OPMINUS Exp
   33    | Exp . _OPMULT Exp
   34    | Exp . _OPDIV Exp
   35    | Exp . _OPLESS Exp
   36    | Exp . _OPAND Exp
   37    | Exp . _SL_BRACKET Exp _SR_BRACKET
   38    | Exp . _POINT _LENGTH
   39    | Exp . _POINT _ID _RL_BRACKET ExpList _RR_BRACKET
   50 ExpList: Exp . ExpRest

    _POINT       shift, and go to state 103
    __COMMA      shift, and go to state 147
    _SL_BRACKET  shift, and go to state 105
    _OPPLUS      shift, and go to state 106
    _OPMINUS     shift, and go to state 107
    _OPMULT      shift, and go to state 108
    _OPDIV       shift, and go to state 109
    _OPAND       shift, and go to state 110
    _OPLESS      shift, and go to state 111

    $default  reduce using rule 53 (ExpRest)

    ExpRest  go to state 148


State 144

   39 Exp: Exp _POINT _ID _RL_BRACKET ExpList . _RR_BRACKET

    _RR_BRACKET  shift, and go to state 149


State 145

   30 Stm: _ID _SL_BRACKET Exp _SR_BRACKET _ASSIGNMENT Exp _SEMICOLUMN .

    $default  reduce using rule 30 (Stm)


State 146

   25 Stm: _IF _RL_BRACKET Exp _RR_BRACKET Stm _ELSE Stm .

    $default  reduce using rule 25 (Stm)


State 147

   52 ExpRest: __COMMA . Exp ExpRest

    _ID          shift, and go to state 81
    _NUM         shift, and go to state 82
    _STR         shift, and go to state 83
    _TRUE        shift, and go to state 84
    _FALSE       shift, and go to state 85
    _THIS        shift, and go to state 86
    _NEW         shift, and go to state 87
    _WOW         shift, and go to state 88
    _RL_BRACKET  shift, and go to state 89

    Exp  go to state 150


State 148

   50 ExpList: Exp ExpRest .

    $default  reduce using rule 50 (ExpList)


State 149

   39 Exp: Exp _POINT _ID _RL_BRACKET ExpList _RR_BRACKET .

    $default  reduce using rule 39 (Exp)


State 150

   31 Exp: Exp . _OPPLUS Exp
   32    | Exp . _OPMINUS Exp
   33    | Exp . _OPMULT Exp
   34    | Exp . _OPDIV Exp
   35    | Exp . _OPLESS Exp
   36    | Exp . _OPAND Exp
   37    | Exp . _SL_BRACKET Exp _SR_BRACKET
   38    | Exp . _POINT _LENGTH
   39    | Exp . _POINT _ID _RL_BRACKET ExpList _RR_BRACKET
   52 ExpRest: __COMMA Exp . ExpRest

    _POINT       shift, and go to state 103
    __COMMA      shift, and go to state 147
    _SL_BRACKET  shift, and go to state 105
    _OPPLUS      shift, and go to state 106
    _OPMINUS     shift, and go to state 107
    _OPMULT      shift, and go to state 108
    _OPDIV       shift, and go to state 109
    _OPAND       shift, and go to state 110
    _OPLESS      shift, and go to state 111

    $default  reduce using rule 53 (ExpRest)

    ExpRest  go to state 151


State 151

   52 ExpRest: __COMMA Exp ExpRest .

    $default  reduce using rule 52 (ExpRest)
