C:\USERS\Антон\DOCUMENTS\GITHUB\MINIJAVA\MINI-JAVA-MASTER\PROJECT\DEBUG\ASSEMBLERGENERATOR.OBJ
C:\USERS\Антон\DOCUMENTS\GITHUB\MINIJAVA\MINI-JAVA-MASTER\PROJECT\DEBUG\BASICBLOCKS.OBJ
C:\USERS\Антон\DOCUMENTS\GITHUB\MINIJAVA\MINI-JAVA-MASTER\PROJECT\DEBUG\CANON.OBJ
C:\USERS\Антон\DOCUMENTS\GITHUB\MINIJAVA\MINI-JAVA-MASTER\PROJECT\DEBUG\CODEGEN.OBJ
C:\USERS\Антон\DOCUMENTS\GITHUB\MINIJAVA\MINI-JAVA-MASTER\PROJECT\DEBUG\FRAME.OBJ
C:\USERS\Антон\DOCUMENTS\GITHUB\MINIJAVA\MINI-JAVA-MASTER\PROJECT\DEBUG\INTERMEDIATETREEPRINTER.OBJ
C:\USERS\Антон\DOCUMENTS\GITHUB\MINIJAVA\MINI-JAVA-MASTER\PROJECT\DEBUG\LEXICAL.OBJ
C:\USERS\Антон\DOCUMENTS\GITHUB\MINIJAVA\MINI-JAVA-MASTER\PROJECT\DEBUG\MAIN.OBJ
C:\USERS\Антон\DOCUMENTS\GITHUB\MINIJAVA\MINI-JAVA-MASTER\PROJECT\DEBUG\PRETTYPRINTVISITOR.OBJ
C:\USERS\Антон\DOCUMENTS\GITHUB\MINIJAVA\MINI-JAVA-MASTER\PROJECT\DEBUG\SYMBOLTABLE.OBJ
C:\USERS\Антон\DOCUMENTS\GITHUB\MINIJAVA\MINI-JAVA-MASTER\PROJECT\DEBUG\SYNTAX.OBJ
C:\USERS\Антон\DOCUMENTS\GITHUB\MINIJAVA\MINI-JAVA-MASTER\PROJECT\DEBUG\TEMP.OBJ
C:\USERS\Антон\DOCUMENTS\GITHUB\MINIJAVA\MINI-JAVA-MASTER\PROJECT\DEBUG\TRACESCHEDULE.OBJ
C:\USERS\Антон\DOCUMENTS\GITHUB\MINIJAVA\MINI-JAVA-MASTER\PROJECT\DEBUG\TRANSLATOR.OBJ
C:\USERS\Антон\DOCUMENTS\GITHUB\MINIJAVA\MINI-JAVA-MASTER\PROJECT\DEBUG\TYPECHECKERVISITOR.OBJ
C:\USERS\АНТОН\DOCUMENTS\GITHUB\MINIJAVA\MINI-JAVA-MASTER\PROJECT\DEBUG\VC110.PDB
C:\USERS\АНТОН\DOCUMENTS\GITHUB\MINIJAVA\MINI-JAVA-MASTER\PROJECT\LEXICAL.CPP
C:\USERS\АНТОН\DOCUMENTS\GITHUB\MINIJAVA\MINI-JAVA-MASTER\PROJECT\SYNTAX.CPP
C:\USERS\Антон\DOCUMENTS\GITHUB\MINIJAVA\MINI-JAVA-MASTER\PROJECT\DEBUG\MJ.ILK
C:\USERS\Антон\DOCUMENTS\GITHUB\MINIJAVA\MINI-JAVA-MASTER\PROJECT\DEBUG\MJ.EXE
C:\USERS\АНТОН\DOCUMENTS\GITHUB\MINIJAVA\MINI-JAVA-MASTER\PROJECT\DEBUG\MJ.PDB
C:\Users\Антон\Documents\GitHub\minijava\mini-java-master\project\Debug\AssemblerGenerator.obj
C:\Users\Антон\Documents\GitHub\minijava\mini-java-master\project\Debug\BasicBlocks.obj
C:\Users\Антон\Documents\GitHub\minijava\mini-java-master\project\Debug\Canon.obj
C:\Users\Антон\Documents\GitHub\minijava\mini-java-master\project\Debug\Codegen.obj
C:\Users\Антон\Documents\GitHub\minijava\mini-java-master\project\Debug\Frame.obj
C:\Users\Антон\Documents\GitHub\minijava\mini-java-master\project\Debug\IntermediateTreePrinter.obj
C:\Users\Антон\Documents\GitHub\minijava\mini-java-master\project\Debug\Lexical.obj
C:\Users\Антон\Documents\GitHub\minijava\mini-java-master\project\Debug\main.obj
C:\Users\Антон\Documents\GitHub\minijava\mini-java-master\project\Debug\PrettyPrintVisitor.obj
C:\Users\Антон\Documents\GitHub\minijava\mini-java-master\project\Debug\SymbolTable.obj
C:\Users\Антон\Documents\GitHub\minijava\mini-java-master\project\Debug\Syntax.obj
C:\Users\Антон\Documents\GitHub\minijava\mini-java-master\project\Debug\Temp.obj
C:\Users\Антон\Documents\GitHub\minijava\mini-java-master\project\Debug\TraceSchedule.obj
C:\Users\Антон\Documents\GitHub\minijava\mini-java-master\project\Debug\Translator.obj
C:\Users\Антон\Documents\GitHub\minijava\mini-java-master\project\Debug\TypeCheckerVisitor.obj
C:\Users\Антон\Documents\GitHub\minijava\mini-java-master\project\Debug\mj.ilk
C:\Users\Антон\Documents\GitHub\minijava\mini-java-master\project\Debug\cl.command.1.tlog
C:\Users\Антон\Documents\GitHub\minijava\mini-java-master\project\Debug\CL.read.1.tlog
C:\Users\Антон\Documents\GitHub\minijava\mini-java-master\project\Debug\CL.write.1.tlog
C:\Users\Антон\Documents\GitHub\minijava\mini-java-master\project\Debug\custombuild.command.1.tlog
C:\Users\Антон\Documents\GitHub\minijava\mini-java-master\project\Debug\custombuild.read.1.tlog
C:\Users\Антон\Documents\GitHub\minijava\mini-java-master\project\Debug\custombuild.write.1.tlog
C:\Users\Антон\Documents\GitHub\minijava\mini-java-master\project\Debug\link-cvtres.read.1.tlog
C:\Users\Антон\Documents\GitHub\minijava\mini-java-master\project\Debug\link-cvtres.write.1.tlog
C:\Users\Антон\Documents\GitHub\minijava\mini-java-master\project\Debug\link-rc.read.1.tlog
C:\Users\Антон\Documents\GitHub\minijava\mini-java-master\project\Debug\link-rc.write.1.tlog
C:\Users\Антон\Documents\GitHub\minijava\mini-java-master\project\Debug\link.command.1.tlog
C:\Users\Антон\Documents\GitHub\minijava\mini-java-master\project\Debug\link.read.1.tlog
C:\Users\Антон\Documents\GitHub\minijava\mini-java-master\project\Debug\link.write.1.tlog
C:\Users\Антон\Documents\GitHub\minijava\mini-java-master\project\Debug\vc110.idb
C:\Users\Антон\Documents\GitHub\minijava\mini-java-master\project\Debug\mj.pdb
C:\Users\Антон\Documents\GitHub\minijava\mini-java-master\project\Debug\vc110.pdb
C:\Users\Антон\Documents\GitHub\minijava\mini-java-master\project\Debug\mj.exe
